C:\USERS\PUBLIC\DOCUMENTS\INżYNIERKA\PROJEKT\ROBUST\ROBUST\DEBUG\ROBUST.EXE
C:\USERS\PUBLIC\DOCUMENTS\INżYNIERKA\PROJEKT\ROBUST\ROBUST\DEBUG\ROBUST.ILK
C:\USERS\PUBLIC\DOCUMENTS\INŻYNIERKA\PROJEKT\ROBUST\ROBUST\DEBUG\ROBUST.PDB
C:\Users\Public\Documents\Inżynierka\projekt\robust\robust\robust\Debug\cl.command.1.tlog
C:\Users\Public\Documents\Inżynierka\projekt\robust\robust\robust\Debug\CL.read.1.tlog
C:\Users\Public\Documents\Inżynierka\projekt\robust\robust\robust\Debug\CL.write.1.tlog
C:\Users\Public\Documents\Inżynierka\projekt\robust\robust\robust\Debug\link.3880.read.1.tlog
C:\Users\Public\Documents\Inżynierka\projekt\robust\robust\robust\Debug\link.3880.write.1.tlog
C:\Users\Public\Documents\Inżynierka\projekt\robust\robust\robust\Debug\link.3880-cvtres.read.1.tlog
C:\Users\Public\Documents\Inżynierka\projekt\robust\robust\robust\Debug\link.3880-cvtres.write.1.tlog
C:\Users\Public\Documents\Inżynierka\projekt\robust\robust\robust\Debug\link.7412.read.1.tlog
C:\Users\Public\Documents\Inżynierka\projekt\robust\robust\robust\Debug\link.7412.write.1.tlog
C:\Users\Public\Documents\Inżynierka\projekt\robust\robust\robust\Debug\link.7412-cvtres.read.1.tlog
C:\Users\Public\Documents\Inżynierka\projekt\robust\robust\robust\Debug\link.7412-cvtres.write.1.tlog
C:\Users\Public\Documents\Inżynierka\projekt\robust\robust\robust\Debug\link.command.1.tlog
C:\Users\Public\Documents\Inżynierka\projekt\robust\robust\robust\Debug\link.read.1.tlog
C:\Users\Public\Documents\Inżynierka\projekt\robust\robust\robust\Debug\link.write.1.tlog
C:\Users\Public\Documents\Inżynierka\projekt\robust\robust\robust\Debug\link-cvtres.read.1.tlog
C:\Users\Public\Documents\Inżynierka\projekt\robust\robust\robust\Debug\link-cvtres.write.1.tlog
C:\Users\Public\Documents\Inżynierka\projekt\robust\robust\robust\Debug\mt.command.1.tlog
C:\Users\Public\Documents\Inżynierka\projekt\robust\robust\robust\Debug\mt.read.1.tlog
C:\Users\Public\Documents\Inżynierka\projekt\robust\robust\robust\Debug\mt.write.1.tlog
C:\Users\Public\Documents\Inżynierka\projekt\robust\robust\robust\Debug\rc.command.1.tlog
C:\Users\Public\Documents\Inżynierka\projekt\robust\robust\robust\Debug\rc.read.1.tlog
C:\Users\Public\Documents\Inżynierka\projekt\robust\robust\robust\Debug\rc.write.1.tlog
C:\USERS\PUBLIC\DOCUMENTS\INżYNIERKA\PROJEKT\ROBUST\ROBUST\ROBUST\DEBUG\ROBUST.EXE.EMBED.MANIFEST
C:\USERS\PUBLIC\DOCUMENTS\INżYNIERKA\PROJEKT\ROBUST\ROBUST\ROBUST\DEBUG\ROBUST.EXE.EMBED.MANIFEST.RES
C:\USERS\PUBLIC\DOCUMENTS\INżYNIERKA\PROJEKT\ROBUST\ROBUST\ROBUST\DEBUG\ROBUST.EXE.INTERMEDIATE.MANIFEST
C:\USERS\PUBLIC\DOCUMENTS\INżYNIERKA\PROJEKT\ROBUST\ROBUST\ROBUST\DEBUG\ROBUST.OBJ
C:\USERS\PUBLIC\DOCUMENTS\INżYNIERKA\PROJEKT\ROBUST\ROBUST\ROBUST\DEBUG\ROBUST.PCH
C:\Users\Public\Documents\Inżynierka\projekt\robust\robust\robust\Debug\robust.vcxprojResolveAssemblyReference.cache
C:\Users\Public\Documents\Inżynierka\projekt\robust\robust\robust\Debug\robust.write.1.tlog
C:\Users\Public\Documents\Inżynierka\projekt\robust\robust\robust\Debug\robust_manifest.rc
C:\USERS\PUBLIC\DOCUMENTS\INżYNIERKA\PROJEKT\ROBUST\ROBUST\ROBUST\DEBUG\STDAFX.OBJ
C:\Users\Public\Documents\Inżynierka\projekt\robust\robust\robust\Debug\vc100.idb
C:\USERS\PUBLIC\DOCUMENTS\INŻYNIERKA\PROJEKT\ROBUST\ROBUST\ROBUST\DEBUG\VC100.PDB
