Build started 2012-10-09 00:22:00.
     1>Project "C:\Users\Public\Documents\Inżynierka\projekt\robust\robust\robust\robust.vcxproj" on node 2 (build target(s)).
     1>InitializeBuildStatus:
         Creating "Debug\robust.unsuccessfulbuild" because "AlwaysCreate" was specified.
       ClCompile:
         All outputs are up-to-date.
         C:\Program Files (x86)\Microsoft Visual Studio 10.0\VC\bin\CL.exe /c /ZI /nologo /W3 /WX- /Od /Oy- /D WIN32 /D _DEBUG /D _CONSOLE /D _UNICODE /D UNICODE /Gm /EHsc /RTC1 /MDd /GS /fp:precise /Zc:wchar_t /Zc:forScope /Fo"Debug\\" /Fd"Debug\vc100.pdb" /Gd /TP /analyze- /errorReport:prompt blok.cpp robust.cpp
         robust.cpp
     1>c:\users\public\documents\inżynierka\projekt\robust\robust\robust\robust.cpp(60): warning C4244: '=' : conversion from 'double' to 'int', possible loss of data
     1>c:\users\public\documents\inżynierka\projekt\robust\robust\robust\robust.cpp(61): warning C4244: '=' : conversion from 'double' to 'int', possible loss of data
         blok.cpp
         Generating Code...
       ManifestResourceCompile:
         All outputs are up-to-date.
       Link:
         C:\Program Files (x86)\Microsoft Visual Studio 10.0\VC\bin\link.exe /ERRORREPORT:PROMPT /OUT:"C:\Users\Public\Documents\Inżynierka\projekt\robust\robust\Debug\robust.exe" /INCREMENTAL /NOLOGO "C:\Users\Public\Documents\Inżynierka\projekt\opencv\build\lib\Debug\opencv_core242d.lib" "C:\Users\Public\Documents\Inżynierka\projekt\opencv\build\lib\Debug\opencv_highgui242d.lib" "C:\Users\Public\Documents\Inżynierka\projekt\opencv\build\lib\Debug\opencv_video242d.lib" "C:\Users\Public\Documents\Inżynierka\projekt\opencv\build\lib\Debug\opencv_ml242d.lib" "C:\Users\Public\Documents\Inżynierka\projekt\opencv\build\lib\Debug\opencv_imgproc242d.lib" kernel32.lib user32.lib gdi32.lib winspool.lib comdlg32.lib advapi32.lib shell32.lib ole32.lib oleaut32.lib uuid.lib odbc32.lib odbccp32.lib /MANIFEST /ManifestFile:"Debug\robust.exe.intermediate.manifest" /MANIFESTUAC:"level='asInvoker' uiAccess='false'" /DEBUG /PDB:"C:\Users\Public\Documents\Inżynierka\projekt\robust\robust\Debug\robust.pdb" /SUBSYSTEM:CONSOLE /TLBID:1 /DYNAMICBASE /NXCOMPAT /IMPLIB:"C:\Users\Public\Documents\Inżynierka\projekt\robust\robust\Debug\robust.lib" /MACHINE:X86 Debug\robust.exe.embed.manifest.res
         Debug\blok.obj
         Debug\robust.obj
         Debug\stdafx.obj
         Debug\utils.obj
       Manifest:
         C:\Program Files (x86)\Microsoft SDKs\Windows\v7.0A\bin\mt.exe /nologo /verbose /out:"Debug\robust.exe.embed.manifest" /manifest Debug\robust.exe.intermediate.manifest
         All outputs are up-to-date.
       LinkEmbedManifest:
         All outputs are up-to-date.
         robust.vcxproj -> C:\Users\Public\Documents\Inżynierka\projekt\robust\robust\Debug\robust.exe
       FinalizeBuildStatus:
         Deleting file "Debug\robust.unsuccessfulbuild".
         Touching "Debug\robust.lastbuildstate".
     1>Done Building Project "C:\Users\Public\Documents\Inżynierka\projekt\robust\robust\robust\robust.vcxproj" (build target(s)).

Build succeeded.

Time Elapsed 00:00:03.58
