E:\PROJEKT\SIMPLE_PIXEL_METHODS\DEBUG\SIMPLE_PIXEL_METHODS.EXE
E:\projekt\simple_pixel_methods\Debug\simple_pixel_methods.pdb
E:\PROJEKT\SIMPLE_PIXEL_METHODS\SIMPLE_PIXEL_METHODS\DEBUG\ALPHA.OBJ
E:\PROJEKT\SIMPLE_PIXEL_METHODS\SIMPLE_PIXEL_METHODS\DEBUG\BACKGROUND.OBJ
E:\PROJEKT\SIMPLE_PIXEL_METHODS\SIMPLE_PIXEL_METHODS\DEBUG\BLOK.OBJ
E:\PROJEKT\SIMPLE_PIXEL_METHODS\SIMPLE_PIXEL_METHODS\DEBUG\CACHEDMETHODS.OBJ
E:\projekt\simple_pixel_methods\simple_pixel_methods\Debug\cl.command.1.tlog
E:\projekt\simple_pixel_methods\simple_pixel_methods\Debug\CL.read.1.tlog
E:\projekt\simple_pixel_methods\simple_pixel_methods\Debug\CL.write.1.tlog
E:\PROJEKT\SIMPLE_PIXEL_METHODS\SIMPLE_PIXEL_METHODS\DEBUG\GRID.OBJ
E:\projekt\simple_pixel_methods\simple_pixel_methods\Debug\link.command.1.tlog
E:\projekt\simple_pixel_methods\simple_pixel_methods\Debug\link.read.1.tlog
E:\projekt\simple_pixel_methods\simple_pixel_methods\Debug\link.write.1.tlog
E:\PROJEKT\SIMPLE_PIXEL_METHODS\SIMPLE_PIXEL_METHODS\DEBUG\MAIN.OBJ
E:\projekt\simple_pixel_methods\simple_pixel_methods\Debug\mt.command.1.tlog
E:\projekt\simple_pixel_methods\simple_pixel_methods\Debug\mt.read.1.tlog
E:\projekt\simple_pixel_methods\simple_pixel_methods\Debug\mt.write.1.tlog
E:\projekt\simple_pixel_methods\simple_pixel_methods\Debug\simple_pixel_methods.exe.intermediate.manifest
E:\projekt\simple_pixel_methods\simple_pixel_methods\Debug\vc100.idb
E:\PROJEKT\SIMPLE_PIXEL_METHODS\SIMPLE_PIXEL_METHODS\DEBUG\VC100.PDB
